<?xml version="1.0" encoding="UTF-8"?>
<!-- Generated by org.testng.reporters.JUnitXMLReporter -->
<testsuite ignored="0" hostname="suman" failures="1" tests="1" name="Surefire test" time="8.371" errors="0" timestamp="2026-01-29T00:03:00 IST">
  <testcase classname="io.cucumber.testng.AbstractTestNGCucumberTests" name="runScenario" time="7.66">
    <failure type="io.cucumber.testng.UndefinedStepException" message="The step &amp;apos;CheckOut ZARA COAT 3 and submit the order&amp;apos; is undefined.
You can implement this step using the snippet(s) below:

@When(&amp;quot;CheckOut ZARA COAT {int} and submit the order&amp;quot;)
public void check_out_zara_coat_and_submit_the_order(Integer int1) {
    // Write code here that turns the phrase above into concrete actions
    throw new io.cucumber.java.PendingException();
}
">
      <![CDATA[io.cucumber.testng.UndefinedStepException: The step 'CheckOut ZARA COAT 3 and submit the order' is undefined.
You can implement this step using the snippet(s) below:

@When("CheckOut ZARA COAT {int} and submit the order")
public void check_out_zara_coat_and_submit_the_order(Integer int1) {
    // Write code here that turns the phrase above into concrete actions
    throw new io.cucumber.java.PendingException();
}

at âœ½.CheckOut ZARA COAT 3 and submit the order(file:///C:/Users/HP/eclipse-workspace/SeleniumFramework/src/test/resource/Features/SubmitOrder.feature:16)
]]>
    </failure>
  </testcase> <!-- runScenario -->
</testsuite> <!-- Surefire test -->
