<?xml version="1.0" encoding="UTF-8"?>
<!-- Generated by org.testng.reporters.JUnitXMLReporter -->
<testsuite ignored="0" hostname="suman" failures="1" tests="1" name="Default test" time="22.688" errors="0" timestamp="2026-01-29T00:09:54 IST">
  <testcase classname="io.cucumber.testng.AbstractTestNGCucumberTests" name="runScenario" time="21.982">
    <failure type="java.lang.NullPointerException" message="Cannot invoke &amp;quot;Automation.pageobjects.CheckOutPage.confirmationMessage()&amp;quot; because &amp;quot;this.checkout&amp;quot; is null">
      <![CDATA[java.lang.NullPointerException: Cannot invoke "Automation.pageobjects.CheckOutPage.confirmationMessage()" because "this.checkout" is null
at cucumber.stepDefinitions.SubmitOrderSteps.confirmation_message(SubmitOrderSteps.java:56)
at ✽."THANKYOU FOR THE ORDER." message is displayed on confirmationPage(file:///C:/Users/HP/eclipse-workspace/SeleniumFramework/src/test/resource/Features/SubmitOrder.feature:17)
]]>
    </failure>
  </testcase> <!-- runScenario -->
</testsuite> <!-- Default test -->
