<?xml version="1.0" encoding="UTF-8"?>
<!-- Generated by org.testng.reporters.JUnitXMLReporter -->
<testsuite ignored="0" hostname="suman" failures="1" tests="3" name="ErrorValidationsTest" time="19.997" errors="0" timestamp="2026-01-26T17:11:03 IST">
  <testcase classname="Automation.tests.ErrorValidationsTest" name="LoginErrorValidation" time="1.186">
    <skipped/>
  </testcase> <!-- LoginErrorValidation -->
  <testcase classname="Automation.tests.ErrorValidationsTest" name="LoginErrorValidation" time="1.131">
    <failure type="java.lang.AssertionError" message="expected [Incorrect email or password.] but found [Incorrect emailor password.]">
      <![CDATA[java.lang.AssertionError: expected [Incorrect email or password.] but found [Incorrect emailor password.]
at Automation.tests.ErrorValidationsTest.LoginErrorValidation(ErrorValidationsTest.java:24)
at java.base/java.util.ArrayList.forEach(ArrayList.java:1511)
at java.base/java.util.concurrent.FutureTask.run(FutureTask.java:264)
at java.base/java.util.concurrent.ThreadPoolExecutor.runWorker(ThreadPoolExecutor.java:1136)
at java.base/java.util.concurrent.ThreadPoolExecutor$Worker.run(ThreadPoolExecutor.java:635)
at java.base/java.lang.Thread.run(Thread.java:842)
... Removed 23 stack frames]]>
    </failure>
  </testcase> <!-- LoginErrorValidation -->
  <testcase classname="Automation.tests.ErrorValidationsTest" name="ProductErrorValidation" time="7.626"/>
</testsuite> <!-- ErrorValidationsTest -->
