<?xml version="1.0" encoding="UTF-8"?>
<testng-results ignored="0" total="1" passed="0" failed="1" skipped="0">
  <reporter-output>
  </reporter-output>
  <suite started-at="2026-01-29T00:02:52 IST" name="Surefire suite" finished-at="2026-01-29T00:03:00 IST" duration-ms="8371">
    <groups>
      <group name="cucumber">
        <method signature="AbstractTestNGCucumberTests.runScenario(io.cucumber.testng.PickleWrapper,io.cucumber.testng.FeatureWrapper)[pri:0, instance:cucumber.runners.TestRunner@3427b02d]" name="runScenario" class="io.cucumber.testng.AbstractTestNGCucumberTests"/>
      </group> <!-- cucumber -->
    </groups>
    <test started-at="2026-01-29T00:02:52 IST" name="Surefire test" finished-at="2026-01-29T00:03:00 IST" duration-ms="8371">
      <class name="cucumber.runners.TestRunner">
        <test-method is-config="true" signature="setUpClass(org.testng.ITestContext)[pri:0, instance:cucumber.runners.TestRunner@3427b02d]" started-at="2026-01-29T00:02:52 IST" name="setUpClass" finished-at="2026-01-29T00:02:53 IST" duration-ms="631" status="PASS">
          <params>
            <param index="0">
              <value>
                <![CDATA[org.testng.TestRunner@3dffc764]]>
              </value>
            </param>
          </params>
          <reporter-output>
          </reporter-output>
        </test-method> <!-- setUpClass -->
        <test-method signature="runScenario(io.cucumber.testng.PickleWrapper,io.cucumber.testng.FeatureWrapper)[pri:0, instance:cucumber.runners.TestRunner@3427b02d]" started-at="2026-01-29T00:02:53 IST" name="runScenario" description="Runs Cucumber Scenarios" data-provider="scenarios" finished-at="2026-01-29T00:03:00 IST" duration-ms="7660" status="FAIL">
          <params>
            <param index="0">
              <value>
                <![CDATA["Positive Test of Submitting the order"]]>
              </value>
            </param>
            <param index="1">
              <value>
                <![CDATA["Purchase the order from Ecommerce website"]]>
              </value>
            </param>
          </params>
          <exception class="io.cucumber.testng.UndefinedStepException">
            <message>
              <![CDATA[The step 'CheckOut ZARA COAT 3 and submit the order' is undefined.
You can implement this step using the snippet(s) below:

@When("CheckOut ZARA COAT {int} and submit the order")
public void check_out_zara_coat_and_submit_the_order(Integer int1) {
    // Write code here that turns the phrase above into concrete actions
    throw new io.cucumber.java.PendingException();
}
]]>
            </message>
            <full-stacktrace>
              <![CDATA[io.cucumber.testng.UndefinedStepException: The step 'CheckOut ZARA COAT 3 and submit the order' is undefined.
You can implement this step using the snippet(s) below:

@When("CheckOut ZARA COAT {int} and submit the order")
public void check_out_zara_coat_and_submit_the_order(Integer int1) {
    // Write code here that turns the phrase above into concrete actions
    throw new io.cucumber.java.PendingException();
}

at ✽.CheckOut ZARA COAT 3 and submit the order(file:///C:/Users/HP/eclipse-workspace/SeleniumFramework/src/test/resource/Features/SubmitOrder.feature:16)
]]>
            </full-stacktrace>
          </exception> <!-- io.cucumber.testng.UndefinedStepException -->
          <reporter-output>
          </reporter-output>
        </test-method> <!-- runScenario -->
        <test-method is-config="true" signature="tearDownClass()[pri:0, instance:cucumber.runners.TestRunner@3427b02d]" started-at="2026-01-29T00:03:00 IST" name="tearDownClass" finished-at="2026-01-29T00:03:00 IST" duration-ms="17" status="PASS">
          <reporter-output>
          </reporter-output>
        </test-method> <!-- tearDownClass -->
      </class> <!-- cucumber.runners.TestRunner -->
    </test> <!-- Surefire test -->
  </suite> <!-- Surefire suite -->
</testng-results>
