<?xml version="1.0" encoding="UTF-8"?>
<testng-results ignored="0" total="1" passed="0" failed="1" skipped="0">
  <reporter-output>
  </reporter-output>
  <suite started-at="2026-01-29T00:09:31 IST" name="Default suite" finished-at="2026-01-29T00:09:54 IST" duration-ms="22688">
    <groups>
      <group name="cucumber">
        <method signature="AbstractTestNGCucumberTests.runScenario(io.cucumber.testng.PickleWrapper,io.cucumber.testng.FeatureWrapper)[pri:0, instance:cucumber.runners.TestRunner@23348b5d]" name="runScenario" class="io.cucumber.testng.AbstractTestNGCucumberTests"/>
      </group> <!-- cucumber -->
    </groups>
    <test started-at="2026-01-29T00:09:31 IST" name="Default test" finished-at="2026-01-29T00:09:54 IST" duration-ms="22688">
      <class name="cucumber.runners.TestRunner">
        <test-method is-config="true" signature="setUpClass(org.testng.ITestContext)[pri:0, instance:cucumber.runners.TestRunner@23348b5d]" started-at="2026-01-29T00:09:31 IST" name="setUpClass" finished-at="2026-01-29T00:09:32 IST" duration-ms="630" status="PASS">
          <params>
            <param index="0">
              <value>
                <![CDATA[org.testng.TestRunner@77049094]]>
              </value>
            </param>
          </params>
          <reporter-output>
          </reporter-output>
        </test-method> <!-- setUpClass -->
        <test-method signature="runScenario(io.cucumber.testng.PickleWrapper,io.cucumber.testng.FeatureWrapper)[pri:0, instance:cucumber.runners.TestRunner@23348b5d]" started-at="2026-01-29T00:09:32 IST" name="runScenario" description="Runs Cucumber Scenarios" data-provider="scenarios" finished-at="2026-01-29T00:09:54 IST" duration-ms="21982" status="FAIL">
          <params>
            <param index="0">
              <value>
                <![CDATA["Positive Test of Submitting the order"]]>
              </value>
            </param>
            <param index="1">
              <value>
                <![CDATA["Purchase the order from Ecommerce website"]]>
              </value>
            </param>
          </params>
          <exception class="java.lang.NullPointerException">
            <message>
              <![CDATA[Cannot invoke "Automation.pageobjects.CheckOutPage.confirmationMessage()" because "this.checkout" is null]]>
            </message>
            <full-stacktrace>
              <![CDATA[java.lang.NullPointerException: Cannot invoke "Automation.pageobjects.CheckOutPage.confirmationMessage()" because "this.checkout" is null
at cucumber.stepDefinitions.SubmitOrderSteps.confirmation_message(SubmitOrderSteps.java:56)
at ✽."THANKYOU FOR THE ORDER." message is displayed on confirmationPage(file:///C:/Users/HP/eclipse-workspace/SeleniumFramework/src/test/resource/Features/SubmitOrder.feature:17)
]]>
            </full-stacktrace>
          </exception> <!-- java.lang.NullPointerException -->
          <reporter-output>
          </reporter-output>
        </test-method> <!-- runScenario -->
        <test-method is-config="true" signature="tearDownClass()[pri:0, instance:cucumber.runners.TestRunner@23348b5d]" started-at="2026-01-29T00:09:54 IST" name="tearDownClass" finished-at="2026-01-29T00:09:54 IST" duration-ms="15" status="PASS">
          <reporter-output>
          </reporter-output>
        </test-method> <!-- tearDownClass -->
      </class> <!-- cucumber.runners.TestRunner -->
    </test> <!-- Default test -->
  </suite> <!-- Default suite -->
</testng-results>
