<?xml version="1.0" encoding="UTF-8"?>
<!-- Generated by org.testng.reporters.JUnitReportReporter -->
<testsuite hostname="suman" failures="0" tests="1" name="cucumber.runners.TestRunner" time="21.982" errors="1" timestamp="2026-01-29T00:09:54 IST" skipped="0">
  <testcase classname="cucumber.runners.TestRunner" name="runScenario" time="21.982">
    <error message="Cannot invoke &quot;Automation.pageobjects.CheckOutPage.confirmationMessage()&quot; because &quot;this.checkout&quot; is null" type="java.lang.NullPointerException">
      <![CDATA[java.lang.NullPointerException: Cannot invoke "Automation.pageobjects.CheckOutPage.confirmationMessage()" because "this.checkout" is null
at cucumber.stepDefinitions.SubmitOrderSteps.confirmation_message(SubmitOrderSteps.java:56)
at âœ½."THANKYOU FOR THE ORDER." message is displayed on confirmationPage(file:///C:/Users/HP/eclipse-workspace/SeleniumFramework/src/test/resource/Features/SubmitOrder.feature:17)
]]>
    </error>
  </testcase> <!-- runScenario -->
</testsuite> <!-- cucumber.runners.TestRunner -->
