<?xml version="1.0" encoding="UTF-8"?>
<!-- Generated by org.testng.reporters.JUnitReportReporter -->
<testsuite hostname="suman" failures="0" tests="1" name="cucumber.runners.TestRunner" time="7.660" errors="1" timestamp="2026-01-29T00:03:00 IST" skipped="0">
  <testcase classname="cucumber.runners.TestRunner" name="runScenario" time="7.660">
    <error message="The step &#039;CheckOut ZARA COAT 3 and submit the order&#039; is undefined.
You can implement this step using the snippet(s) below:

@When(&quot;CheckOut ZARA COAT {int} and submit the order&quot;)
public void check_out_zara_coat_and_submit_the_order(Integer int1) {
    // Write code here that turns the phrase above into concrete actions
    throw new io.cucumber.java.PendingException();
}
" type="io.cucumber.testng.UndefinedStepException">
      <![CDATA[io.cucumber.testng.UndefinedStepException: The step 'CheckOut ZARA COAT 3 and submit the order' is undefined.
You can implement this step using the snippet(s) below:

@When("CheckOut ZARA COAT {int} and submit the order")
public void check_out_zara_coat_and_submit_the_order(Integer int1) {
    // Write code here that turns the phrase above into concrete actions
    throw new io.cucumber.java.PendingException();
}

at âœ½.CheckOut ZARA COAT 3 and submit the order(file:///C:/Users/HP/eclipse-workspace/SeleniumFramework/src/test/resource/Features/SubmitOrder.feature:16)
]]>
    </error>
  </testcase> <!-- runScenario -->
</testsuite> <!-- cucumber.runners.TestRunner -->
